2021-04-07T16:23:45.073799+00:00 app[web.1]: 'cluster0-shard-00-01.edlat.mongodb.net:27017' => [ServerDescription]
2021-04-07T16:23:45.073814+00:00 app[web.1]: },
2021-04-07T16:23:45.073815+00:00 app[web.1]: stale: false,
2021-04-07T16:23:45.073815+00:00 app[web.1]: compatible: true,
2021-04-07T16:23:45.073816+00:00 app[web.1]: compatibilityError: null,
2021-04-07T16:23:45.073816+00:00 app[web.1]: logicalSessionTimeoutMinutes: null,
2021-04-07T16:23:45.073817+00:00 app[web.1]: heartbeatFrequencyMS: 10000,
2021-04-07T16:23:45.073817+00:00 app[web.1]: localThresholdMS: 15,
2021-04-07T16:23:45.073817+00:00 app[web.1]: commonWireVersion: null
2021-04-07T16:23:45.073818+00:00 app[web.1]: }
2021-04-07T16:23:45.073818+00:00 app[web.1]: }
2021-04-07T16:23:59.584240+00:00 heroku[router]: at=error code=H12 desc="Request timeout" method=GET path="/" host=first-todo-api-curtis.herokuapp.com request_id=e332bb71-6a67-4236-abb0-cd3c8aff7e75 fwd="89.64.70.170" dyno=web.1 connect=0ms service=30001ms status=503 bytes=0 protocol=https
2021-04-07T16:24:04.523550+00:00 app[web.1]: (node:4) UnhandledPromiseRejectionWarning: TypeError: Cannot read property 'collection' of undefined
2021-04-07T16:24:04.523561+00:00 app[web.1]: at /app/server.js:30:38
2021-04-07T16:24:04.523562+00:00 app[web.1]: at Layer.handle [as handle_request] (/app/node_modules/express/lib/router/layer.js:95:5)
2021-04-07T16:24:04.523563+00:00 app[web.1]: at next (/app/node_modules/express/lib/router/route.js:137:13)
2021-04-07T16:24:04.523563+00:00 app[web.1]: at Route.dispatch (/app/node_modules/express/lib/router/route.js:112:3)
2021-04-07T16:24:04.523564+00:00 app[web.1]: at Layer.handle [as handle_request] (/app/node_modules/express/lib/router/layer.js:95:5)
2021-04-07T16:24:04.523565+00:00 app[web.1]: at /app/node_modules/express/lib/router/index.js:281:22
2021-04-07T16:24:04.523565+00:00 app[web.1]: at Function.process_params (/app/node_modules/express/lib/router/index.js:335:12)
2021-04-07T16:24:04.523565+00:00 app[web.1]: at next (/app/node_modules/express/lib/router/index.js:275:10)
2021-04-07T16:24:04.523566+00:00 app[web.1]: at jsonParser (/app/node_modules/body-parser/lib/types/json.js:110:7)
2021-04-07T16:24:04.523566+00:00 app[web.1]: at Layer.handle [as handle_request] (/app/node_modules/express/lib/router/layer.js:95:5)
2021-04-07T16:24:04.523808+00:00 app[web.1]: (node:4) UnhandledPromiseRejectionWarning: Unhandled promise rejection. This error originated either by throwing inside of an async function without a catch block, or by rejecting a promise which was not handled with .catch(). To terminate the node process on unhandled promise rejection, use the CLI flag `--unhandled-rejections=strict` (see https://nodejs.org/api/cli.html#cli_unhandled_rejections_mode). (rejection id: 2)
2021-04-07T16:24:05.449846+00:00 app[web.1]: (node:4) UnhandledPromiseRejectionWarning: TypeError: Cannot read property 'collection' of undefined
2021-04-07T16:24:05.449885+00:00 app[web.1]: at /app/server.js:30:38
2021-04-07T16:24:05.449887+00:00 app[web.1]: at Layer.handle [as handle_request] (/app/node_modules/express/lib/router/layer.js:95:5)
2021-04-07T16:24:05.449888+00:00 app[web.1]: at next (/app/node_modules/express/lib/router/route.js:137:13)
2021-04-07T16:24:05.449888+00:00 app[web.1]: at Route.dispatch (/app/node_modules/express/lib/router/route.js:112:3)
2021-04-07T16:24:05.449889+00:00 app[web.1]: at Layer.handle [as handle_request] (/app/node_modules/express/lib/router/layer.js:95:5)
2021-04-07T16:24:05.449890+00:00 app[web.1]: at /app/node_modules/express/lib/router/index.js:281:22
2021-04-07T16:24:05.449891+00:00 app[web.1]: at Function.process_params (/app/node_modules/express/lib/router/index.js:335:12)
2021-04-07T16:24:05.449891+00:00 app[web.1]: at next (/app/node_modules/express/lib/router/index.js:275:10)
2021-04-07T16:24:05.449892+00:00 app[web.1]: at jsonParser (/app/node_modules/body-parser/lib/types/json.js:110:7)
2021-04-07T16:24:05.449892+00:00 app[web.1]: at Layer.handle [as handle_request] (/app/node_modules/express/lib/router/layer.js:95:5)
2021-04-07T16:24:05.450039+00:00 app[web.1]: (node:4) UnhandledPromiseRejectionWarning: Unhandled promise rejection. This error originated either by throwing inside of an async function without a catch block, or by rejecting a promise which was not handled with .catch(). To terminate the node process on unhandled promise rejection, use the CLI flag `--unhandled-rejections=strict` (see https://nodejs.org/api/cli.html#cli_unhandled_rejections_mode). (rejection id: 3)
2021-04-07T16:24:34.524576+00:00 heroku[router]: at=error code=H12 desc="Request timeout" method=GET path="/" host=first-todo-api-curtis.herokuapp.com request_id=bff0f1cb-05b7-49fc-b664-fb630324eb6a fwd="89.64.70.170" dyno=web.1 connect=1ms service=30000ms status=503 bytes=0 protocol=https
2021-04-07T16:24:35.458686+00:00 heroku[router]: at=error code=H12 desc="Request timeout" method=GET path="/" host=first-todo-api-curtis.herokuapp.com request_id=556c555f-1e73-4c59-9515-c1ebf0a54cf3 fwd="89.64.70.170" dyno=web.1 connect=1ms service=30007ms status=503 bytes=0 protocol=https
2021-04-07T16:26:47.239824+00:00 app[web.1]: (node:4) UnhandledPromiseRejectionWarning: TypeError: Cannot read property 'collection' of undefined
2021-04-07T16:26:47.239838+00:00 app[web.1]: at /app/server.js:30:38
2021-04-07T16:26:47.239840+00:00 app[web.1]: at Layer.handle [as handle_request] (/app/node_modules/express/lib/router/layer.js:95:5)
2021-04-07T16:26:47.239841+00:00 app[web.1]: at next (/app/node_modules/express/lib/router/route.js:137:13)
2021-04-07T16:26:47.239842+00:00 app[web.1]: at Route.dispatch (/app/node_modules/express/lib/router/route.js:112:3)
2021-04-07T16:26:47.239842+00:00 app[web.1]: at Layer.handle [as handle_request] (/app/node_modules/express/lib/router/layer.js:95:5)
2021-04-07T16:26:47.239843+00:00 app[web.1]: at /app/node_modules/express/lib/router/index.js:281:22
2021-04-07T16:26:47.239844+00:00 app[web.1]: at Function.process_params (/app/node_modules/express/lib/router/index.js:335:12)
2021-04-07T16:26:47.239844+00:00 app[web.1]: at next (/app/node_modules/express/lib/router/index.js:275:10)
2021-04-07T16:26:47.239845+00:00 app[web.1]: at jsonParser (/app/node_modules/body-parser/lib/types/json.js:110:7)
2021-04-07T16:26:47.239845+00:00 app[web.1]: at Layer.handle [as handle_request] (/app/node_modules/express/lib/router/layer.js:95:5)
2021-04-07T16:26:47.239910+00:00 app[web.1]: (node:4) UnhandledPromiseRejectionWarning: Unhandled promise rejection. This error originated either by throwing inside of an async function without a catch block, or by rejecting a promise which was not handled with .catch(). To terminate the node process on unhandled promise rejection, use the CLI flag `--unhandled-rejections=strict` (see https://nodejs.org/api/cli.html#cli_unhandled_rejections_mode). (rejection id: 4)
2021-04-07T16:27:17.241354+00:00 heroku[router]: at=error code=H12 desc="Request timeout" method=GET path="/" host=first-todo-api-curtis.herokuapp.com request_id=8153b14e-1b7e-4735-8077-867ca58bc890 fwd="89.64.70.170" dyno=web.1 connect=1ms service=30000ms status=503 bytes=0 protocol=https
2021-04-07T16:27:34.000000+00:00 app[api]: Build started by user bellerhuseyin@gmail.com
2021-04-07T16:27:52.879068+00:00 app[api]: Deploy 7f9051e6 by user bellerhuseyin@gmail.com
2021-04-07T16:27:52.879068+00:00 app[api]: Release v8 created by user bellerhuseyin@gmail.com
2021-04-07T16:27:53.000000+00:00 app[api]: Build succeeded
2021-04-07T16:27:53.426762+00:00 heroku[web.1]: Restarting
2021-04-07T16:27:53.446430+00:00 heroku[web.1]: State changed from up to starting
2021-04-07T16:27:55.151376+00:00 heroku[web.1]: Stopping all processes with SIGTERM
2021-04-07T16:27:55.314686+00:00 heroku[web.1]: Process exited with status 143
2021-04-07T16:27:56.293646+00:00 heroku[web.1]: Starting process with command `node server.js`
2021-04-07T16:27:59.710817+00:00 app[web.1]: Server is running, you better catch it!
2021-04-07T16:28:00.631717+00:00 heroku[web.1]: State changed from starting to up
2021-04-07T16:28:01.284986+00:00 app[web.1]: (node:4) UnhandledPromiseRejectionWarning: TypeError: Cannot read property 'collection' of undefined
2021-04-07T16:28:01.285031+00:00 app[web.1]: at /app/server.js:30:38
2021-04-07T16:28:01.285034+00:00 app[web.1]: at Layer.handle [as handle_request] (/app/node_modules/express/lib/router/layer.js:95:5)
2021-04-07T16:28:01.285035+00:00 app[web.1]: at next (/app/node_modules/express/lib/router/route.js:137:13)
2021-04-07T16:28:01.285036+00:00 app[web.1]: at Route.dispatch (/app/node_modules/express/lib/router/route.js:112:3)
2021-04-07T16:28:01.285036+00:00 app[web.1]: at Layer.handle [as handle_request] (/app/node_modules/express/lib/router/layer.js:95:5)
2021-04-07T16:28:01.285036+00:00 app[web.1]: at /app/node_modules/express/lib/router/index.js:281:22
2021-04-07T16:28:01.285037+00:00 app[web.1]: at Function.process_params (/app/node_modules/express/lib/router/index.js:335:12)
2021-04-07T16:28:01.285037+00:00 app[web.1]: at next (/app/node_modules/express/lib/router/index.js:275:10)
2021-04-07T16:28:01.285038+00:00 app[web.1]: at jsonParser (/app/node_modules/body-parser/lib/types/json.js:110:7)
2021-04-07T16:28:01.285038+00:00 app[web.1]: at Layer.handle [as handle_request] (/app/node_modules/express/lib/router/layer.js:95:5)
2021-04-07T16:28:01.285038+00:00 app[web.1]: (Use `node --trace-warnings ...` to show where the warning was created)
2021-04-07T16:28:01.285084+00:00 app[web.1]: (node:4) UnhandledPromiseRejectionWarning: Unhandled promise rejection. This error originated either by throwing inside of an async function without a catch block, or by rejecting a promise which was not handled with .catch(). To terminate the node process on unhandled promise rejection, use the CLI flag `--unhandled-rejections=strict` (see https://nodejs.org/api/cli.html#cli_unhandled_rejections_mode). (rejection id: 1)
2021-04-07T16:28:01.285225+00:00 app[web.1]: (node:4) [DEP0018] DeprecationWarning: Unhandled promise rejections are deprecated. In the future, promise rejections that are not handled will terminate the Node.js process with a non-zero exit code.
2021-04-07T16:28:29.789775+00:00 app[web.1]: MongoServerSelectionError: connection <monitor> to 3.64.134.83:27017 closed
2021-04-07T16:28:29.789806+00:00 app[web.1]: at Timeout._onTimeout (/app/node_modules/mongodb/lib/core/sdam/topology.js:439:30)
2021-04-07T16:28:29.789807+00:00 app[web.1]: at listOnTimeout (internal/timers.js:554:17)
2021-04-07T16:28:29.789807+00:00 app[web.1]: at processTimers (internal/timers.js:497:7) {
2021-04-07T16:28:29.789808+00:00 app[web.1]: reason: TopologyDescription {
2021-04-07T16:28:29.789808+00:00 app[web.1]: type: 'ReplicaSetNoPrimary',
2021-04-07T16:28:29.789809+00:00 app[web.1]: setName: null,
2021-04-07T16:28:29.789809+00:00 app[web.1]: maxSetVersion: null,
2021-04-07T16:28:29.789809+00:00 app[web.1]: maxElectionId: null,
2021-04-07T16:28:29.789810+00:00 app[web.1]: servers: Map(3) {
2021-04-07T16:28:29.789810+00:00 app[web.1]: 'cluster0-shard-00-01.edlat.mongodb.net:27017' => [ServerDescription],
2021-04-07T16:28:29.789811+00:00 app[web.1]: 'cluster0-shard-00-02.edlat.mongodb.net:27017' => [ServerDescription],
2021-04-07T16:28:29.789811+00:00 app[web.1]: 'cluster0-shard-00-00.edlat.mongodb.net:27017' => [ServerDescription]
2021-04-07T16:28:29.789812+00:00 app[web.1]: },
2021-04-07T16:28:29.789812+00:00 app[web.1]: stale: false,
2021-04-07T16:28:29.789813+00:00 app[web.1]: compatible: true,
2021-04-07T16:28:29.789814+00:00 app[web.1]: compatibilityError: null,
2021-04-07T16:28:29.789814+00:00 app[web.1]: logicalSessionTimeoutMinutes: null,
2021-04-07T16:28:29.789814+00:00 app[web.1]: heartbeatFrequencyMS: 10000,
2021-04-07T16:28:29.789815+00:00 app[web.1]: localThresholdMS: 15,
2021-04-07T16:28:29.789815+00:00 app[web.1]: commonWireVersion: null
2021-04-07T16:28:29.789816+00:00 app[web.1]: }
2021-04-07T16:28:29.789816+00:00 app[web.1]: }
2021-04-07T16:28:31.274880+00:00 heroku[router]: at=error code=H12 desc="Request timeout" method=GET path="/" host=first-todo-api-curtis.herokuapp.com request_id=79762872-585e-482b-889f-aab5efe178fe fwd="89.64.70.170" dyno=web.1 connect=1ms service=30000ms status=503 bytes=0 protocol=https
